[1018/111905.757:ERROR:registration_protocol_win.cc(84)] TransactNamedPipe: The pipe has been ended. (0x6D)
[1018/111905.803:ERROR:file_io.cc(89)] ReadExactly: expected 40, observed 0
[1018/112117.984:ERROR:registration_protocol_win.cc(84)] TransactNamedPipe: The pipe has been ended. (0x6D)
[1018/112118.015:ERROR:file_io.cc(89)] ReadExactly: expected 40, observed 0
[1120/152810.562:ERROR:process_info.cc(359)] UncheckedAllocate
[1120/153714.927:ERROR:process_info.cc(359)] UncheckedAllocate
[1120/153826.545:ERROR:process_info.cc(359)] UncheckedAllocate
[1120/153828.251:ERROR:process_info.cc(359)] UncheckedAllocate
[1120/153830.575:ERROR:process_info.cc(359)] UncheckedAllocate
[1120/153831.761:ERROR:process_info.cc(359)] UncheckedAllocate
[1120/153832.973:ERROR:process_info.cc(359)] UncheckedAllocate
[1120/154150.102:ERROR:process_info.cc(359)] UncheckedAllocate
[1120/154317.083:ERROR:process_info.cc(359)] UncheckedAllocate
[1120/162103.591:ERROR:process_info.cc(359)] UncheckedAllocate
[1120/162126.050:ERROR:process_info.cc(359)] UncheckedAllocate
[1120/162311.508:ERROR:process_info.cc(359)] UncheckedAllocate
[1202/144512.483:ERROR:prune_crash_reports.cc(36)] PruneCrashReportDatabase: Failed to get pending reports
[1203/144512.328:ERROR:prune_crash_reports.cc(36)] PruneCrashReportDatabase: Failed to get pending reports
[1203/220943.075:ERROR:file_io_win.cc(162)] CreateFile C:\Users\A-8103\AppData\Local\Temp\scoped_dir15048_3568\Crashpad\settings.dat: The system cannot find the path specified. (0x3)
[1203/220943.344:ERROR:file_io_win.cc(171)] CreateFile C:\Users\A-8103\AppData\Local\Temp\scoped_dir15048_3568\Crashpad\reports\4a832212-03e9-4aba-9a81-b7fc90b33607.dmp: The system cannot find the path specified. (0x3)
[1203/220943.344:ERROR:crash_report_exception_handler.cc(97)] PrepareNewCrashReport failed
[1204/144512.223:ERROR:prune_crash_reports.cc(36)] PruneCrashReportDatabase: Failed to get pending reports
